07-Nov-22 22:32:49 - INFO - Menu printed!!!
07-Nov-22 22:33:09 - INFO - Menu printed!!!
07-Nov-22 22:33:35 - INFO - Menu printed!!!
07-Nov-22 22:43:29 - INFO - Menu printed!!!
07-Nov-22 22:57:05 - INFO - Menu printed!!!
07-Nov-22 22:57:43 - INFO - Menu printed!!!
07-Nov-22 22:59:49 - INFO - Menu printed!!!
07-Nov-22 23:00:59 - INFO - Menu printed!!!
07-Nov-22 23:02:17 - INFO - Menu printed!!!
07-Nov-22 23:02:58 - INFO - Menu printed!!!
07-Nov-22 23:03:12 - INFO - Menu printed!!!
07-Nov-22 23:03:58 - INFO - Menu printed!!!
07-Nov-22 23:04:10 - INFO - Menu printed!!!
07-Nov-22 23:04:30 - INFO - Menu printed!!!
07-Nov-22 23:04:39 - INFO - Menu printed!!!
07-Nov-22 23:06:47 - INFO - Menu printed!!!
07-Nov-22 23:07:17 - INFO - Menu printed!!!
07-Nov-22 23:07:38 - INFO - Menu printed!!!
07-Nov-22 23:08:26 - INFO - Menu printed!!!
07-Nov-22 23:08:56 - INFO - Menu printed!!!
07-Nov-22 23:10:25 - INFO - Menu printed!!!
07-Nov-22 23:10:31 - INFO - Menu printed!!!
07-Nov-22 23:11:12 - INFO - Menu printed!!!
07-Nov-22 23:12:42 - INFO - Menu printed!!!
07-Nov-22 23:12:45 - INFO - Menu printed!!!
07-Nov-22 23:13:45 - INFO - Menu printed!!!
07-Nov-22 23:14:00 - INFO - Menu printed!!!
07-Nov-22 23:15:01 - INFO - Menu printed!!!
07-Nov-22 23:15:11 - INFO - Menu printed!!!
07-Nov-22 23:18:29 - INFO - Menu printed!!!
07-Nov-22 23:22:01 - INFO - Menu printed!!!
07-Nov-22 23:23:38 - INFO - Menu printed!!!
07-Nov-22 23:25:10 - INFO - Menu printed!!!
07-Nov-22 23:25:20 - INFO - Menu printed!!!
07-Nov-22 23:33:28 - INFO - Menu printed!!!
07-Nov-22 23:33:53 - INFO - Menu printed!!!
07-Nov-22 23:35:02 - INFO - Menu printed!!!
07-Nov-22 23:36:55 - INFO - Menu printed!!!
07-Nov-22 23:37:01 - INFO - Menu printed!!!
07-Nov-22 23:37:37 - INFO - Menu printed!!!
07-Nov-22 23:37:43 - INFO - Menu printed!!!
07-Nov-22 23:58:38 - INFO - Menu printed!!!
07-Nov-22 23:59:07 - INFO - Menu printed!!!
07-Nov-22 23:59:13 - INFO - Menu printed!!!
07-Nov-22 23:59:27 - INFO - Menu printed!!!
07-Nov-22 23:59:35 - INFO - Menu printed!!!
08-Nov-22 00:03:24 - INFO - Menu printed!!!
08-Nov-22 00:03:29 - INFO - Menu printed!!!
08-Nov-22 00:07:59 - INFO - Menu printed!!!
08-Nov-22 00:08:16 - INFO - Menu printed!!!
08-Nov-22 00:08:42 - ERROR - Expecting value: line 1 column 1 (char 0)
08-Nov-22 00:08:42 - INFO - Menu printed!!!
08-Nov-22 00:10:36 - INFO - Menu printed!!!
08-Nov-22 00:11:05 - ERROR - Expecting value: line 1 column 1 (char 0)
08-Nov-22 00:11:05 - INFO - Menu printed!!!
08-Nov-22 00:11:40 - INFO - Menu printed!!!
08-Nov-22 00:12:26 - INFO - Menu printed!!!
08-Nov-22 00:13:34 - ERROR - Expecting value: line 1 column 1 (char 0)
08-Nov-22 00:13:34 - INFO - Menu printed!!!
08-Nov-22 00:23:21 - INFO - Menu printed!!!
08-Nov-22 00:23:52 - ERROR - Expecting value: line 1 column 1 (char 0)
08-Nov-22 00:23:52 - INFO - Menu printed!!!
08-Nov-22 00:26:26 - INFO - Menu printed!!!
08-Nov-22 00:27:07 - INFO - Menu printed!!!
08-Nov-22 00:28:03 - INFO - Menu printed!!!
08-Nov-22 00:28:13 - INFO - Menu printed!!!
08-Nov-22 00:30:28 - INFO - Menu printed!!!
08-Nov-22 00:30:34 - INFO - Menu printed!!!
08-Nov-22 00:30:36 - ERROR - invalid literal for int() with base 10: 'www'
08-Nov-22 00:30:36 - INFO - Menu printed!!!
08-Nov-22 00:30:38 - ERROR - invalid literal for int() with base 10: 'www'
08-Nov-22 00:30:38 - INFO - Menu printed!!!
08-Nov-22 00:30:43 - INFO - Menu printed!!!
08-Nov-22 00:31:25 - INFO - Menu printed!!!
08-Nov-22 00:44:40 - INFO - Menu printed!!!
08-Nov-22 00:44:46 - INFO - Menu printed!!!
08-Nov-22 00:45:05 - INFO - Menu printed!!!
08-Nov-22 00:52:26 - INFO - Menu printed!!!
08-Nov-22 00:52:57 - INFO - Menu printed!!!
08-Nov-22 00:53:28 - INFO - Menu printed!!!
08-Nov-22 00:53:36 - INFO - Menu printed!!!
08-Nov-22 00:55:36 - ERROR - Expecting value: line 1 column 1 (char 0) Email: savik1992@gmail.com
08-Nov-22 00:55:36 - INFO - Menu printed!!!
08-Nov-22 00:56:32 - INFO - Menu printed!!!
08-Nov-22 00:56:43 - ERROR - Not a valid email address! Email: 1
08-Nov-22 00:56:43 - INFO - Menu printed!!!
08-Nov-22 00:57:15 - INFO - Menu printed!!!
08-Nov-22 00:57:48 - INFO - Menu printed!!!
08-Nov-22 00:58:02 - INFO - Menu printed!!!
08-Nov-22 00:59:03 - INFO - Menu printed!!!
08-Nov-22 00:59:26 - INFO - Menu printed!!!
08-Nov-22 00:59:52 - INFO - Menu printed!!!
08-Nov-22 01:00:09 - INFO - Menu printed!!!
08-Nov-22 01:02:58 - INFO - Menu printed!!!
08-Nov-22 01:11:12 - INFO - Menu printed!!!
08-Nov-22 01:11:37 - INFO - Menu printed!!!
08-Nov-22 01:12:53 - INFO - Menu printed!!!
08-Nov-22 01:13:22 - INFO - Menu printed!!!
08-Nov-22 01:14:07 - INFO - Menu printed!!!
08-Nov-22 01:14:29 - INFO - Menu printed!!!
08-Nov-22 01:16:25 - INFO - Menu printed!!!
08-Nov-22 01:16:59 - INFO - Menu printed!!!
08-Nov-22 01:17:19 - INFO - Menu printed!!!
08-Nov-22 01:17:50 - INFO - Menu printed!!!
08-Nov-22 01:18:11 - INFO - Menu printed!!!
08-Nov-22 01:19:30 - INFO - Menu printed!!!
08-Nov-22 01:24:31 - INFO - Menu printed!!!
08-Nov-22 01:24:45 - INFO - Menu printed!!!
08-Nov-22 01:25:01 - WARNING - [Errno 2] No such file or directory: 'database/employees.json'
08-Nov-22 01:25:01 - INFO - File created
08-Nov-22 01:25:01 - INFO - Menu printed!!!
08-Nov-22 01:26:19 - INFO - Menu printed!!!
08-Nov-22 01:27:38 - INFO - Menu printed!!!
08-Nov-22 01:27:50 - INFO - Menu printed!!!
08-Nov-22 01:28:08 - INFO - Menu printed!!!
08-Nov-22 01:28:57 - INFO - Menu printed!!!
08-Nov-22 01:29:17 - INFO - Menu printed!!!
08-Nov-22 01:29:50 - INFO - Menu printed!!!
08-Nov-22 01:31:11 - INFO - Menu printed!!!
08-Nov-22 01:31:37 - INFO - Menu printed!!!
08-Nov-22 01:35:18 - INFO - Menu printed!!!
